<?xml version="1.0" encoding="UTF-8"?>
<testng-results skipped="0" failed="0" ignored="0" total="1" passed="1">
  <reporter-output>
  </reporter-output>
  <suite name="Default suite" duration-ms="72" started-at="2020-01-29T10:52:56 IST" finished-at="2020-01-29T10:52:56 IST">
    <groups>
    </groups>
    <test name="Default test" duration-ms="72" started-at="2020-01-29T10:52:56 IST" finished-at="2020-01-29T10:52:56 IST">
      <class name="testing.NewTest">
        <test-method status="PASS" signature="f()[pri:0, instance:testing.NewTest@56235b8e]" name="f" duration-ms="18" started-at="2020-01-29T10:52:56 IST" finished-at="2020-01-29T10:52:56 IST">
          <reporter-output>
          </reporter-output>
        </test-method> <!-- f -->
      </class> <!-- testing.NewTest -->
    </test> <!-- Default test -->
  </suite> <!-- Default suite -->
</testng-results>
